02-04 16:45:34 com_github_MitjaNemec_ReplicateLayout.action_replicate_layout 409:Plugin executed on: 'linux'
02-04 16:45:34 com_github_MitjaNemec_ReplicateLayout.action_replicate_layout 410:Plugin executed with python version: '3.13.11 (main, Dec  5 2025, 16:06:33) [GCC 15.2.0]'
02-04 16:45:34 com_github_MitjaNemec_ReplicateLayout.action_replicate_layout 411:KiCad build version: 9.0.7
02-04 16:45:34 com_github_MitjaNemec_ReplicateLayout.action_replicate_layout 412:Plugin version: 4.0.3
02-04 16:45:34 com_github_MitjaNemec_ReplicateLayout.action_replicate_layout 413:Frame repr: <wx._core.Frame object at 0x7f70cb869760>
02-04 16:45:34 com_github_MitjaNemec_ReplicateLayout.action_replicate_layout 437:Preparing replicator with J2001 as a reference
02-04 16:45:34 com_github_MitjaNemec_ReplicateLayout.replicate_layout 117:getting a list of all footprints on board
02-04 16:45:34 com_github_MitjaNemec_ReplicateLayout.action_replicate_layout 485:source anchor footprint is 'J2001'
Located on: ['HID_SPI_bridge']
With filenames: ['HID_SPI_bridge.kicad_sch']
With sheet_id:['HID_SPI_bridge']
02-04 16:45:34 com_github_MitjaNemec_ReplicateLayout.action_replicate_layout 492:Corresponding footprints are 
[('J207001', ['HID_SPI_bridge2']), ('J208001', ['HID_SPI_bridge1']), ('J2001', ['HID_SPI_bridge'])]
02-04 16:45:34 com_github_MitjaNemec_ReplicateLayout.action_replicate_layout 504:Showing dialog
02-04 16:45:34 com_github_MitjaNemec_ReplicateLayout.replicate_layout 472:constructing a list of sheets suitable for replication on level:'HID_SPI_bridge', file:'HID_SPI_bridge.kicad_sch'
02-04 16:45:34 com_github_MitjaNemec_ReplicateLayout.replicate_layout 509:suitable sheets are:[['HID_SPI_bridge1'], ['HID_SPI_bridge2']]
02-04 16:45:34 com_github_MitjaNemec_ReplicateLayout.replicate_layout 1512:Level selected: ['HID_SPI_bridge']
02-04 16:45:34 com_github_MitjaNemec_ReplicateLayout.replicate_layout 1336:Filtering list of tracks
02-04 16:45:35 com_github_MitjaNemec_ReplicateLayout.action_replicate_layout 510:Toolbar position: wx.Point(1854, 62)
02-04 16:45:35 com_github_MitjaNemec_ReplicateLayout.action_replicate_layout 515:Dialog position: wx.Point(1415, 62)
02-04 16:45:37 com_github_MitjaNemec_ReplicateLayout.replicate_layout 472:constructing a list of sheets suitable for replication on level:'HID_SPI_bridge', file:'HID_SPI_bridge.kicad_sch'
02-04 16:45:37 com_github_MitjaNemec_ReplicateLayout.replicate_layout 509:suitable sheets are:[['HID_SPI_bridge1'], ['HID_SPI_bridge2']]
02-04 16:45:37 com_github_MitjaNemec_ReplicateLayout.action_replicate_layout 248:Replicating layout
02-04 16:45:37 com_github_MitjaNemec_ReplicateLayout.replicate_layout 288:Starting replication of sheets: [['HID_SPI_bridge1'], ['HID_SPI_bridge2']]
on level: ['HID_SPI_bridge']
with tracks=True, zone=True, text=True, text=True, intersecting=False, remove=False, locked footprints=False, group_only=False
02-04 16:45:37 root 340:updating GUI message: 'Preparing for replication'
02-04 16:45:37 com_github_MitjaNemec_ReplicateLayout.replicate_layout 358:Getting the list of source footprints
02-04 16:45:37 root 345:updating GUI with: 0
02-04 16:45:37 com_github_MitjaNemec_ReplicateLayout.replicate_layout 368:Getting the list of all the remaining footprints
02-04 16:45:37 com_github_MitjaNemec_ReplicateLayout.replicate_layout 375:Getting source tracks
02-04 16:45:37 com_github_MitjaNemec_ReplicateLayout.replicate_layout 1336:Filtering list of tracks
02-04 16:45:37 com_github_MitjaNemec_ReplicateLayout.replicate_layout 379:Getting source zones
02-04 16:45:37 root 345:updating GUI with: 50
02-04 16:45:37 com_github_MitjaNemec_ReplicateLayout.replicate_layout 383:Getting source text items
02-04 16:45:37 root 345:updating GUI with: 66
02-04 16:45:37 com_github_MitjaNemec_ReplicateLayout.replicate_layout 387:Getting source drawing items
02-04 16:45:37 root 340:updating GUI message: 'Replicating footprints'
02-04 16:45:37 com_github_MitjaNemec_ReplicateLayout.replicate_layout 863:Replicating footprints
02-04 16:45:37 com_github_MitjaNemec_ReplicateLayout.replicate_layout 870:Replicating footprints on sheet ['HID_SPI_bridge1']
02-04 16:45:37 com_github_MitjaNemec_ReplicateLayout.replicate_layout 835:Src fp.id: 'DE412038-1F39-4332-A147-91EF02EEC327'
02-04 16:45:37 com_github_MitjaNemec_ReplicateLayout.replicate_layout 839:Dst fp.id: 'DE412038-1F39-4332-A147-91EF02EEC327'
02-04 16:45:37 com_github_MitjaNemec_ReplicateLayout.replicate_layout 888:Replicating footprint: 'FB2001'
02-04 16:45:37 com_github_MitjaNemec_ReplicateLayout.replicate_layout 835:Src fp.id: '8F72C540-F24D-4406-8B98-B361B20B03D0'
02-04 16:45:37 com_github_MitjaNemec_ReplicateLayout.replicate_layout 839:Dst fp.id: '8F72C540-F24D-4406-8B98-B361B20B03D0'
02-04 16:45:37 com_github_MitjaNemec_ReplicateLayout.replicate_layout 895:found match in dst footprint: 'FB208001'
02-04 16:45:37 com_github_MitjaNemec_ReplicateLayout.replicate_layout 990:Src text UUid:2254c67d-13a2-49d9-9c07-ee1cf8b9a115
02-04 16:45:37 com_github_MitjaNemec_ReplicateLayout.replicate_layout 991:Dst text UUid:026fabf9-4b84-4637-b601-22ac5555ba0d
02-04 16:45:37 com_github_MitjaNemec_ReplicateLayout.replicate_layout 990:Src text UUid:7b814728-b443-45a0-9f84-0b8efe40998f
02-04 16:45:37 com_github_MitjaNemec_ReplicateLayout.replicate_layout 991:Dst text UUid:07aaee4c-a9fa-4157-beee-cf41395eb65d
02-04 16:45:37 com_github_MitjaNemec_ReplicateLayout.replicate_layout 990:Src text UUid:11f76d23-803e-45f5-a0ae-0fbba8e07296
02-04 16:45:37 com_github_MitjaNemec_ReplicateLayout.replicate_layout 991:Dst text UUid:39926851-1fed-4f9d-9eef-3a60a2d6ed0f
02-04 16:45:37 com_github_MitjaNemec_ReplicateLayout.replicate_layout 888:Replicating footprint: 'R2002'
02-04 16:45:37 root 345:updating GUI with: 8
02-04 16:45:37 com_github_MitjaNemec_ReplicateLayout.replicate_layout 835:Src fp.id: '8BF05AFA-2E53-474B-9779-1D88A0D4D79D'
02-04 16:45:37 com_github_MitjaNemec_ReplicateLayout.replicate_layout 839:Dst fp.id: '8BF05AFA-2E53-474B-9779-1D88A0D4D79D'
02-04 16:45:37 com_github_MitjaNemec_ReplicateLayout.replicate_layout 895:found match in dst footprint: 'R208002'
02-04 16:45:37 com_github_MitjaNemec_ReplicateLayout.replicate_layout 990:Src text UUid:bcd9add6-92b8-4cbb-b14a-35e5dcf031f7
02-04 16:45:37 com_github_MitjaNemec_ReplicateLayout.replicate_layout 991:Dst text UUid:282e300e-ef4f-48e6-9455-772380c80c12
02-04 16:45:37 com_github_MitjaNemec_ReplicateLayout.replicate_layout 990:Src text UUid:d544a5f4-cda2-4a48-a6c7-4bcb0ea5ecb2
02-04 16:45:37 com_github_MitjaNemec_ReplicateLayout.replicate_layout 991:Dst text UUid:df8bf738-1dc9-4004-b06a-b8c7bd9e102c
02-04 16:45:37 com_github_MitjaNemec_ReplicateLayout.replicate_layout 990:Src text UUid:acd62ae9-10e6-41b5-991c-e9401c47f169
02-04 16:45:37 com_github_MitjaNemec_ReplicateLayout.replicate_layout 991:Dst text UUid:2a9d0f7b-4cd2-4d97-ab14-32a30f9a1d0d
02-04 16:45:37 com_github_MitjaNemec_ReplicateLayout.replicate_layout 888:Replicating footprint: 'R2001'
02-04 16:45:37 root 345:updating GUI with: 12
02-04 16:45:37 com_github_MitjaNemec_ReplicateLayout.replicate_layout 835:Src fp.id: '93E386F3-71E9-4FF9-BF45-AD684B4D0F3E'
02-04 16:45:37 com_github_MitjaNemec_ReplicateLayout.replicate_layout 839:Dst fp.id: '93E386F3-71E9-4FF9-BF45-AD684B4D0F3E'
02-04 16:45:37 com_github_MitjaNemec_ReplicateLayout.replicate_layout 895:found match in dst footprint: 'R208001'
02-04 16:45:37 com_github_MitjaNemec_ReplicateLayout.replicate_layout 990:Src text UUid:5896f6f0-ce91-4f0f-9139-06357c49a19e
02-04 16:45:37 com_github_MitjaNemec_ReplicateLayout.replicate_layout 991:Dst text UUid:f982c23f-7fe3-4c3f-8002-10bcf6c7f991
02-04 16:45:37 com_github_MitjaNemec_ReplicateLayout.replicate_layout 990:Src text UUid:f6f7bab2-d320-4a46-8785-7bf3f179fb8f
02-04 16:45:37 com_github_MitjaNemec_ReplicateLayout.replicate_layout 991:Dst text UUid:a5525751-078b-48a1-9cb7-80278b6f98ce
02-04 16:45:37 com_github_MitjaNemec_ReplicateLayout.replicate_layout 990:Src text UUid:202202fa-154d-4474-9eba-ef1bcfc624f2
02-04 16:45:37 com_github_MitjaNemec_ReplicateLayout.replicate_layout 991:Dst text UUid:60e4d74c-6fcd-43df-b119-9da8a5c551f2
02-04 16:45:37 com_github_MitjaNemec_ReplicateLayout.replicate_layout 888:Replicating footprint: 'U2001'
02-04 16:45:37 com_github_MitjaNemec_ReplicateLayout.replicate_layout 835:Src fp.id: 'B732CC93-78B1-44B8-9889-EB332F5AB5CD'
02-04 16:45:37 com_github_MitjaNemec_ReplicateLayout.replicate_layout 839:Dst fp.id: 'B732CC93-78B1-44B8-9889-EB332F5AB5CD'
02-04 16:45:37 com_github_MitjaNemec_ReplicateLayout.replicate_layout 895:found match in dst footprint: 'U208001'
02-04 16:45:37 com_github_MitjaNemec_ReplicateLayout.replicate_layout 990:Src text UUid:eeb8236f-c49b-44c5-8176-e5e660728792
02-04 16:45:37 com_github_MitjaNemec_ReplicateLayout.replicate_layout 991:Dst text UUid:2b0933fa-745b-46d1-97f0-41e06ec667f6
02-04 16:45:37 com_github_MitjaNemec_ReplicateLayout.replicate_layout 990:Src text UUid:290595ea-03cc-4ba3-84cf-3521a52a4196
02-04 16:45:37 com_github_MitjaNemec_ReplicateLayout.replicate_layout 991:Dst text UUid:23a2c3a7-f2db-4538-a184-322d84bdc808
02-04 16:45:37 com_github_MitjaNemec_ReplicateLayout.replicate_layout 990:Src text UUid:fd7aaaed-47ba-4e49-8c0f-dae0777e194f
02-04 16:45:37 com_github_MitjaNemec_ReplicateLayout.replicate_layout 991:Dst text UUid:21824e69-c9bd-41c7-9e17-fce978f4a988
02-04 16:45:37 com_github_MitjaNemec_ReplicateLayout.replicate_layout 888:Replicating footprint: 'C2001'
02-04 16:45:37 com_github_MitjaNemec_ReplicateLayout.replicate_layout 835:Src fp.id: 'ACD876A1-1B40-4A28-A0AF-F5ACA9DA7626'
02-04 16:45:37 com_github_MitjaNemec_ReplicateLayout.replicate_layout 839:Dst fp.id: 'ACD876A1-1B40-4A28-A0AF-F5ACA9DA7626'
02-04 16:45:37 com_github_MitjaNemec_ReplicateLayout.replicate_layout 895:found match in dst footprint: 'C208001'
02-04 16:45:37 com_github_MitjaNemec_ReplicateLayout.replicate_layout 990:Src text UUid:7b330826-9c4e-4ac9-be2e-e3c117bdd047
02-04 16:45:37 com_github_MitjaNemec_ReplicateLayout.replicate_layout 991:Dst text UUid:cc3b6437-c633-4670-a756-763cb761b7f0
02-04 16:45:37 com_github_MitjaNemec_ReplicateLayout.replicate_layout 990:Src text UUid:54529776-60c0-4744-89f6-78beb73a24a9
02-04 16:45:37 com_github_MitjaNemec_ReplicateLayout.replicate_layout 991:Dst text UUid:10810783-1e92-4752-8a47-d4c4cf3c544f
02-04 16:45:37 com_github_MitjaNemec_ReplicateLayout.replicate_layout 990:Src text UUid:8ac21c8b-3a5c-49c0-9b26-27990cc2b1d4
02-04 16:45:37 com_github_MitjaNemec_ReplicateLayout.replicate_layout 991:Dst text UUid:02fa23db-7382-433d-9c5c-742339fe92aa
02-04 16:45:37 com_github_MitjaNemec_ReplicateLayout.replicate_layout 888:Replicating footprint: 'C2006'
02-04 16:45:37 com_github_MitjaNemec_ReplicateLayout.replicate_layout 835:Src fp.id: 'C188AB2E-C688-4225-9673-8350FB04105F'
02-04 16:45:37 com_github_MitjaNemec_ReplicateLayout.replicate_layout 839:Dst fp.id: 'C188AB2E-C688-4225-9673-8350FB04105F'
02-04 16:45:37 com_github_MitjaNemec_ReplicateLayout.replicate_layout 895:found match in dst footprint: 'C208006'
02-04 16:45:37 com_github_MitjaNemec_ReplicateLayout.replicate_layout 990:Src text UUid:7aa7bb80-10e5-4198-be8b-ef3c34176acc
02-04 16:45:37 com_github_MitjaNemec_ReplicateLayout.replicate_layout 991:Dst text UUid:8ea7d133-11df-4263-8c3d-96d35df45da3
02-04 16:45:37 com_github_MitjaNemec_ReplicateLayout.replicate_layout 990:Src text UUid:26559d4a-3420-4a5c-b3db-f602bdbfd8d2
02-04 16:45:37 com_github_MitjaNemec_ReplicateLayout.replicate_layout 991:Dst text UUid:e48b3928-d0a3-4d9a-a7c2-a4281bbc61e5
02-04 16:45:37 com_github_MitjaNemec_ReplicateLayout.replicate_layout 990:Src text UUid:f648a82b-ffc1-4209-9546-4c782dd35a64
02-04 16:45:37 com_github_MitjaNemec_ReplicateLayout.replicate_layout 991:Dst text UUid:ac1526b9-05e6-4567-99e1-24c39fd04481
02-04 16:45:37 com_github_MitjaNemec_ReplicateLayout.replicate_layout 888:Replicating footprint: 'J2001'
02-04 16:45:37 com_github_MitjaNemec_ReplicateLayout.replicate_layout 835:Src fp.id: 'DE412038-1F39-4332-A147-91EF02EEC327'
02-04 16:45:37 com_github_MitjaNemec_ReplicateLayout.replicate_layout 839:Dst fp.id: 'DE412038-1F39-4332-A147-91EF02EEC327'
02-04 16:45:37 com_github_MitjaNemec_ReplicateLayout.replicate_layout 895:found match in dst footprint: 'J208001'
02-04 16:45:37 com_github_MitjaNemec_ReplicateLayout.replicate_layout 990:Src text UUid:806bba33-c3bf-4b32-9f55-1055afe7feea
02-04 16:45:37 com_github_MitjaNemec_ReplicateLayout.replicate_layout 991:Dst text UUid:a8db6fb5-04b1-44f8-ba29-6c30609b84cf
02-04 16:45:37 com_github_MitjaNemec_ReplicateLayout.replicate_layout 990:Src text UUid:308c79f0-bbc1-43ce-b4f9-7241741b3fa5
02-04 16:45:37 com_github_MitjaNemec_ReplicateLayout.replicate_layout 991:Dst text UUid:76573ad5-4c37-4e77-86bf-eec01e099d06
02-04 16:45:37 com_github_MitjaNemec_ReplicateLayout.replicate_layout 990:Src text UUid:0c7baf43-3f9b-4aea-bdd1-5f66072145c0
02-04 16:45:37 com_github_MitjaNemec_ReplicateLayout.replicate_layout 991:Dst text UUid:89ba894d-5033-4d12-b16f-40b3d2a6282a
02-04 16:45:37 com_github_MitjaNemec_ReplicateLayout.replicate_layout 888:Replicating footprint: 'C2003'
02-04 16:45:37 com_github_MitjaNemec_ReplicateLayout.replicate_layout 835:Src fp.id: '130E1473-9508-4485-966C-2E979529FBC9'
02-04 16:45:37 com_github_MitjaNemec_ReplicateLayout.replicate_layout 839:Dst fp.id: '130E1473-9508-4485-966C-2E979529FBC9'
02-04 16:45:37 com_github_MitjaNemec_ReplicateLayout.replicate_layout 895:found match in dst footprint: 'C208003'
02-04 16:45:37 com_github_MitjaNemec_ReplicateLayout.replicate_layout 990:Src text UUid:ae047cb7-4aae-4793-a5a9-c98266b8a48a
02-04 16:45:37 com_github_MitjaNemec_ReplicateLayout.replicate_layout 991:Dst text UUid:cd11f52d-e980-4889-a0f0-0e8e0ad0f1dd
02-04 16:45:37 com_github_MitjaNemec_ReplicateLayout.replicate_layout 990:Src text UUid:a6c8a29b-7175-4471-91f7-42610f7586fa
02-04 16:45:37 com_github_MitjaNemec_ReplicateLayout.replicate_layout 991:Dst text UUid:0b88e8b3-c3bb-417e-b83c-9d314daec729
02-04 16:45:37 com_github_MitjaNemec_ReplicateLayout.replicate_layout 990:Src text UUid:abfbbba7-5aa8-4501-914c-ba436fa3b9be
02-04 16:45:37 com_github_MitjaNemec_ReplicateLayout.replicate_layout 991:Dst text UUid:8b81eda2-e6dc-4cfb-98e9-2f8b9d733ff4
02-04 16:45:37 com_github_MitjaNemec_ReplicateLayout.replicate_layout 888:Replicating footprint: 'C2005'
02-04 16:45:37 com_github_MitjaNemec_ReplicateLayout.replicate_layout 835:Src fp.id: '94BEDFA3-61FE-490C-94EC-AE96952B6A33'
02-04 16:45:37 com_github_MitjaNemec_ReplicateLayout.replicate_layout 839:Dst fp.id: '94BEDFA3-61FE-490C-94EC-AE96952B6A33'
02-04 16:45:37 com_github_MitjaNemec_ReplicateLayout.replicate_layout 895:found match in dst footprint: 'C208005'
02-04 16:45:37 com_github_MitjaNemec_ReplicateLayout.replicate_layout 990:Src text UUid:6b18f3cd-b3a2-403c-afb3-33957309e3b2
02-04 16:45:37 com_github_MitjaNemec_ReplicateLayout.replicate_layout 991:Dst text UUid:fe59f85a-1152-4a83-a510-76152d0aee1f
02-04 16:45:37 com_github_MitjaNemec_ReplicateLayout.replicate_layout 990:Src text UUid:9f787823-65d7-41ec-b8ff-c1fa79b8a6f5
02-04 16:45:37 com_github_MitjaNemec_ReplicateLayout.replicate_layout 991:Dst text UUid:d403bbea-4d43-4f7a-a52e-b1fa28216334
02-04 16:45:37 com_github_MitjaNemec_ReplicateLayout.replicate_layout 990:Src text UUid:b9dc532a-4c95-4a7d-b24a-3230fba33c89
02-04 16:45:37 com_github_MitjaNemec_ReplicateLayout.replicate_layout 991:Dst text UUid:1de3f800-0759-465a-b6fe-610451f52388
02-04 16:45:37 com_github_MitjaNemec_ReplicateLayout.replicate_layout 888:Replicating footprint: 'C2004'
02-04 16:45:37 com_github_MitjaNemec_ReplicateLayout.replicate_layout 835:Src fp.id: '2A4CC3B5-75C1-4C99-9DCF-FCCFB6C76944'
02-04 16:45:37 com_github_MitjaNemec_ReplicateLayout.replicate_layout 839:Dst fp.id: '2A4CC3B5-75C1-4C99-9DCF-FCCFB6C76944'
02-04 16:45:37 com_github_MitjaNemec_ReplicateLayout.replicate_layout 895:found match in dst footprint: 'C208004'
02-04 16:45:37 com_github_MitjaNemec_ReplicateLayout.replicate_layout 990:Src text UUid:157b807d-9aa0-4761-8b24-5f792bbade48
02-04 16:45:37 com_github_MitjaNemec_ReplicateLayout.replicate_layout 991:Dst text UUid:064d7681-b2e7-47b4-8f15-1c47d3b7ca4b
02-04 16:45:37 com_github_MitjaNemec_ReplicateLayout.replicate_layout 990:Src text UUid:356e3899-ee14-46ad-ba77-972030f31c8c
02-04 16:45:37 com_github_MitjaNemec_ReplicateLayout.replicate_layout 991:Dst text UUid:2d13827c-12b5-49cd-9e0d-02bff39562d2
02-04 16:45:37 com_github_MitjaNemec_ReplicateLayout.replicate_layout 990:Src text UUid:6d06e118-a1cc-48c1-bf4a-2a2324411eab
02-04 16:45:37 com_github_MitjaNemec_ReplicateLayout.replicate_layout 991:Dst text UUid:54584f9b-429d-423e-a661-1914659c0217
02-04 16:45:37 com_github_MitjaNemec_ReplicateLayout.replicate_layout 888:Replicating footprint: 'D2001'
02-04 16:45:37 com_github_MitjaNemec_ReplicateLayout.replicate_layout 835:Src fp.id: '50789A7E-B041-47ED-9E0E-6A94FEE3EB68'
02-04 16:45:37 com_github_MitjaNemec_ReplicateLayout.replicate_layout 839:Dst fp.id: '50789A7E-B041-47ED-9E0E-6A94FEE3EB68'
02-04 16:45:37 com_github_MitjaNemec_ReplicateLayout.replicate_layout 895:found match in dst footprint: 'D208001'
02-04 16:45:37 com_github_MitjaNemec_ReplicateLayout.replicate_layout 990:Src text UUid:23f42281-1e23-40e2-9b7e-df16e5c87353
02-04 16:45:37 com_github_MitjaNemec_ReplicateLayout.replicate_layout 991:Dst text UUid:1adf64b2-b752-41bf-9e9a-10434c0ad5d0
02-04 16:45:37 com_github_MitjaNemec_ReplicateLayout.replicate_layout 990:Src text UUid:8ed3f1e7-8404-4a13-8c85-66e9c344fce7
02-04 16:45:37 com_github_MitjaNemec_ReplicateLayout.replicate_layout 991:Dst text UUid:a736fe66-9872-4dca-99d8-1ec04696f383
02-04 16:45:37 com_github_MitjaNemec_ReplicateLayout.replicate_layout 990:Src text UUid:2fbc6c6f-af5c-4d4f-8a63-3d66f21e7dd1
02-04 16:45:37 com_github_MitjaNemec_ReplicateLayout.replicate_layout 991:Dst text UUid:755ac84c-904e-49ba-b419-67853f841065
02-04 16:45:37 com_github_MitjaNemec_ReplicateLayout.replicate_layout 888:Replicating footprint: 'C2002'
02-04 16:45:37 com_github_MitjaNemec_ReplicateLayout.replicate_layout 835:Src fp.id: '0F26249F-D27C-4A50-B7B2-3B695AE5DD88'
02-04 16:45:37 com_github_MitjaNemec_ReplicateLayout.replicate_layout 839:Dst fp.id: '0F26249F-D27C-4A50-B7B2-3B695AE5DD88'
02-04 16:45:37 com_github_MitjaNemec_ReplicateLayout.replicate_layout 895:found match in dst footprint: 'C208002'
02-04 16:45:37 com_github_MitjaNemec_ReplicateLayout.replicate_layout 990:Src text UUid:40837586-244a-420c-a426-cde1d256a056
02-04 16:45:37 com_github_MitjaNemec_ReplicateLayout.replicate_layout 991:Dst text UUid:c45d7534-ed85-4776-a123-165fc348796b
02-04 16:45:37 com_github_MitjaNemec_ReplicateLayout.replicate_layout 990:Src text UUid:5b47ce03-3c1c-47ce-86b6-430ef51f323a
02-04 16:45:37 com_github_MitjaNemec_ReplicateLayout.replicate_layout 991:Dst text UUid:c5906654-b4c9-4846-86e9-85831a8add6d
02-04 16:45:37 com_github_MitjaNemec_ReplicateLayout.replicate_layout 990:Src text UUid:acc35a5c-3f2d-4f21-ab68-22e291e29217
02-04 16:45:37 com_github_MitjaNemec_ReplicateLayout.replicate_layout 991:Dst text UUid:f481131f-86a1-4c1c-9870-6363ec59844e
02-04 16:45:37 com_github_MitjaNemec_ReplicateLayout.replicate_layout 870:Replicating footprints on sheet ['HID_SPI_bridge2']
02-04 16:45:37 com_github_MitjaNemec_ReplicateLayout.replicate_layout 835:Src fp.id: 'DE412038-1F39-4332-A147-91EF02EEC327'
02-04 16:45:37 com_github_MitjaNemec_ReplicateLayout.replicate_layout 839:Dst fp.id: 'DE412038-1F39-4332-A147-91EF02EEC327'
02-04 16:45:37 com_github_MitjaNemec_ReplicateLayout.replicate_layout 888:Replicating footprint: 'FB2001'
02-04 16:45:37 com_github_MitjaNemec_ReplicateLayout.replicate_layout 835:Src fp.id: '8F72C540-F24D-4406-8B98-B361B20B03D0'
02-04 16:45:37 com_github_MitjaNemec_ReplicateLayout.replicate_layout 839:Dst fp.id: '8F72C540-F24D-4406-8B98-B361B20B03D0'
02-04 16:45:37 com_github_MitjaNemec_ReplicateLayout.replicate_layout 895:found match in dst footprint: 'FB207001'
02-04 16:45:37 com_github_MitjaNemec_ReplicateLayout.replicate_layout 990:Src text UUid:2254c67d-13a2-49d9-9c07-ee1cf8b9a115
02-04 16:45:37 com_github_MitjaNemec_ReplicateLayout.replicate_layout 991:Dst text UUid:f3c35eef-0a57-40ec-8d7f-a958d322ec18
02-04 16:45:37 com_github_MitjaNemec_ReplicateLayout.replicate_layout 990:Src text UUid:7b814728-b443-45a0-9f84-0b8efe40998f
02-04 16:45:37 com_github_MitjaNemec_ReplicateLayout.replicate_layout 991:Dst text UUid:1366e4a9-a19b-4bb1-94ca-ea40e87c539b
02-04 16:45:37 com_github_MitjaNemec_ReplicateLayout.replicate_layout 990:Src text UUid:11f76d23-803e-45f5-a0ae-0fbba8e07296
02-04 16:45:37 com_github_MitjaNemec_ReplicateLayout.replicate_layout 991:Dst text UUid:937e73bd-76f1-4618-af48-4fab713d4c5d
02-04 16:45:37 com_github_MitjaNemec_ReplicateLayout.replicate_layout 888:Replicating footprint: 'R2002'
02-04 16:45:37 com_github_MitjaNemec_ReplicateLayout.replicate_layout 835:Src fp.id: '8BF05AFA-2E53-474B-9779-1D88A0D4D79D'
02-04 16:45:37 com_github_MitjaNemec_ReplicateLayout.replicate_layout 839:Dst fp.id: '8BF05AFA-2E53-474B-9779-1D88A0D4D79D'
02-04 16:45:37 com_github_MitjaNemec_ReplicateLayout.replicate_layout 895:found match in dst footprint: 'R207002'
02-04 16:45:37 com_github_MitjaNemec_ReplicateLayout.replicate_layout 990:Src text UUid:bcd9add6-92b8-4cbb-b14a-35e5dcf031f7
02-04 16:45:37 com_github_MitjaNemec_ReplicateLayout.replicate_layout 991:Dst text UUid:a939e18e-8ee5-454b-bc54-ae0152bb1aa8
02-04 16:45:37 com_github_MitjaNemec_ReplicateLayout.replicate_layout 990:Src text UUid:d544a5f4-cda2-4a48-a6c7-4bcb0ea5ecb2
02-04 16:45:37 com_github_MitjaNemec_ReplicateLayout.replicate_layout 991:Dst text UUid:308b2220-4ca1-467a-af38-6f7b80203336
02-04 16:45:37 com_github_MitjaNemec_ReplicateLayout.replicate_layout 990:Src text UUid:acd62ae9-10e6-41b5-991c-e9401c47f169
02-04 16:45:37 com_github_MitjaNemec_ReplicateLayout.replicate_layout 991:Dst text UUid:0d63a1b3-9f7b-410f-8127-c8c7d4672e41
02-04 16:45:37 com_github_MitjaNemec_ReplicateLayout.replicate_layout 888:Replicating footprint: 'R2001'
02-04 16:45:37 com_github_MitjaNemec_ReplicateLayout.replicate_layout 835:Src fp.id: '93E386F3-71E9-4FF9-BF45-AD684B4D0F3E'
02-04 16:45:37 com_github_MitjaNemec_ReplicateLayout.replicate_layout 839:Dst fp.id: '93E386F3-71E9-4FF9-BF45-AD684B4D0F3E'
02-04 16:45:37 com_github_MitjaNemec_ReplicateLayout.replicate_layout 895:found match in dst footprint: 'R207001'
02-04 16:45:37 com_github_MitjaNemec_ReplicateLayout.replicate_layout 990:Src text UUid:5896f6f0-ce91-4f0f-9139-06357c49a19e
02-04 16:45:37 com_github_MitjaNemec_ReplicateLayout.replicate_layout 991:Dst text UUid:cd2b9b5d-b2c0-418b-b9cd-96596d657e3a
02-04 16:45:37 com_github_MitjaNemec_ReplicateLayout.replicate_layout 990:Src text UUid:f6f7bab2-d320-4a46-8785-7bf3f179fb8f
02-04 16:45:37 com_github_MitjaNemec_ReplicateLayout.replicate_layout 991:Dst text UUid:3ecdaac3-cdd5-4da2-8e43-6df69ada9cdc
02-04 16:45:37 com_github_MitjaNemec_ReplicateLayout.replicate_layout 990:Src text UUid:202202fa-154d-4474-9eba-ef1bcfc624f2
02-04 16:45:37 com_github_MitjaNemec_ReplicateLayout.replicate_layout 991:Dst text UUid:0241d501-c408-4527-9d0e-6081a600dad6
02-04 16:45:37 com_github_MitjaNemec_ReplicateLayout.replicate_layout 888:Replicating footprint: 'U2001'
02-04 16:45:37 com_github_MitjaNemec_ReplicateLayout.replicate_layout 835:Src fp.id: 'B732CC93-78B1-44B8-9889-EB332F5AB5CD'
02-04 16:45:37 com_github_MitjaNemec_ReplicateLayout.replicate_layout 839:Dst fp.id: 'B732CC93-78B1-44B8-9889-EB332F5AB5CD'
02-04 16:45:37 com_github_MitjaNemec_ReplicateLayout.replicate_layout 895:found match in dst footprint: 'U207001'
02-04 16:45:37 com_github_MitjaNemec_ReplicateLayout.replicate_layout 990:Src text UUid:eeb8236f-c49b-44c5-8176-e5e660728792
02-04 16:45:37 com_github_MitjaNemec_ReplicateLayout.replicate_layout 991:Dst text UUid:5fe7b14a-6768-485f-b72a-39923e4cd42b
02-04 16:45:37 com_github_MitjaNemec_ReplicateLayout.replicate_layout 990:Src text UUid:290595ea-03cc-4ba3-84cf-3521a52a4196
02-04 16:45:37 com_github_MitjaNemec_ReplicateLayout.replicate_layout 991:Dst text UUid:871a2df4-fedc-4f3b-8334-9913eac43ce4
02-04 16:45:37 com_github_MitjaNemec_ReplicateLayout.replicate_layout 990:Src text UUid:fd7aaaed-47ba-4e49-8c0f-dae0777e194f
02-04 16:45:37 com_github_MitjaNemec_ReplicateLayout.replicate_layout 991:Dst text UUid:e147fb4e-3f61-48c0-b9ab-8aa2d9992e17
02-04 16:45:37 com_github_MitjaNemec_ReplicateLayout.replicate_layout 888:Replicating footprint: 'C2001'
02-04 16:45:37 com_github_MitjaNemec_ReplicateLayout.replicate_layout 835:Src fp.id: 'ACD876A1-1B40-4A28-A0AF-F5ACA9DA7626'
02-04 16:45:37 com_github_MitjaNemec_ReplicateLayout.replicate_layout 839:Dst fp.id: 'ACD876A1-1B40-4A28-A0AF-F5ACA9DA7626'
02-04 16:45:37 com_github_MitjaNemec_ReplicateLayout.replicate_layout 895:found match in dst footprint: 'C207001'
02-04 16:45:37 com_github_MitjaNemec_ReplicateLayout.replicate_layout 990:Src text UUid:7b330826-9c4e-4ac9-be2e-e3c117bdd047
02-04 16:45:37 com_github_MitjaNemec_ReplicateLayout.replicate_layout 991:Dst text UUid:08e217ef-5be5-46fc-be36-b11dfd383490
02-04 16:45:37 com_github_MitjaNemec_ReplicateLayout.replicate_layout 990:Src text UUid:54529776-60c0-4744-89f6-78beb73a24a9
02-04 16:45:37 com_github_MitjaNemec_ReplicateLayout.replicate_layout 991:Dst text UUid:06a3a029-0433-476e-9832-df26ffae2f95
02-04 16:45:37 com_github_MitjaNemec_ReplicateLayout.replicate_layout 990:Src text UUid:8ac21c8b-3a5c-49c0-9b26-27990cc2b1d4
02-04 16:45:37 com_github_MitjaNemec_ReplicateLayout.replicate_layout 991:Dst text UUid:c703f853-003f-427e-a0db-3b52fa088e54
02-04 16:45:37 com_github_MitjaNemec_ReplicateLayout.replicate_layout 888:Replicating footprint: 'C2006'
02-04 16:45:37 com_github_MitjaNemec_ReplicateLayout.replicate_layout 835:Src fp.id: 'C188AB2E-C688-4225-9673-8350FB04105F'
02-04 16:45:37 com_github_MitjaNemec_ReplicateLayout.replicate_layout 839:Dst fp.id: 'C188AB2E-C688-4225-9673-8350FB04105F'
02-04 16:45:37 com_github_MitjaNemec_ReplicateLayout.replicate_layout 895:found match in dst footprint: 'C207006'
02-04 16:45:37 com_github_MitjaNemec_ReplicateLayout.replicate_layout 990:Src text UUid:7aa7bb80-10e5-4198-be8b-ef3c34176acc
02-04 16:45:37 com_github_MitjaNemec_ReplicateLayout.replicate_layout 991:Dst text UUid:31d8f3ce-bd21-4f8c-b3f8-c2a8570c68cc
02-04 16:45:37 com_github_MitjaNemec_ReplicateLayout.replicate_layout 990:Src text UUid:26559d4a-3420-4a5c-b3db-f602bdbfd8d2
02-04 16:45:37 com_github_MitjaNemec_ReplicateLayout.replicate_layout 991:Dst text UUid:123c5fdf-f9b8-4ab9-8c07-eb45a9578a4b
02-04 16:45:37 com_github_MitjaNemec_ReplicateLayout.replicate_layout 990:Src text UUid:f648a82b-ffc1-4209-9546-4c782dd35a64
02-04 16:45:37 com_github_MitjaNemec_ReplicateLayout.replicate_layout 991:Dst text UUid:8804d48f-0a33-4e36-b5c9-ef3b28d9c0b0
02-04 16:45:37 com_github_MitjaNemec_ReplicateLayout.replicate_layout 888:Replicating footprint: 'J2001'
02-04 16:45:37 com_github_MitjaNemec_ReplicateLayout.replicate_layout 835:Src fp.id: 'DE412038-1F39-4332-A147-91EF02EEC327'
02-04 16:45:37 com_github_MitjaNemec_ReplicateLayout.replicate_layout 839:Dst fp.id: 'DE412038-1F39-4332-A147-91EF02EEC327'
02-04 16:45:37 com_github_MitjaNemec_ReplicateLayout.replicate_layout 895:found match in dst footprint: 'J207001'
02-04 16:45:37 com_github_MitjaNemec_ReplicateLayout.replicate_layout 990:Src text UUid:806bba33-c3bf-4b32-9f55-1055afe7feea
02-04 16:45:37 com_github_MitjaNemec_ReplicateLayout.replicate_layout 991:Dst text UUid:8eedace4-5c80-4579-8ad1-223d2a1ca692
02-04 16:45:37 com_github_MitjaNemec_ReplicateLayout.replicate_layout 990:Src text UUid:308c79f0-bbc1-43ce-b4f9-7241741b3fa5
02-04 16:45:37 com_github_MitjaNemec_ReplicateLayout.replicate_layout 991:Dst text UUid:7ab0b99c-0a08-41c5-b2a6-4252f8feb29d
02-04 16:45:37 com_github_MitjaNemec_ReplicateLayout.replicate_layout 990:Src text UUid:0c7baf43-3f9b-4aea-bdd1-5f66072145c0
02-04 16:45:37 com_github_MitjaNemec_ReplicateLayout.replicate_layout 991:Dst text UUid:d502055a-9a11-4d21-8a62-86612a546aaf
02-04 16:45:37 com_github_MitjaNemec_ReplicateLayout.replicate_layout 888:Replicating footprint: 'C2003'
02-04 16:45:37 com_github_MitjaNemec_ReplicateLayout.replicate_layout 835:Src fp.id: '130E1473-9508-4485-966C-2E979529FBC9'
02-04 16:45:37 com_github_MitjaNemec_ReplicateLayout.replicate_layout 839:Dst fp.id: '130E1473-9508-4485-966C-2E979529FBC9'
02-04 16:45:37 com_github_MitjaNemec_ReplicateLayout.replicate_layout 895:found match in dst footprint: 'C207003'
02-04 16:45:37 com_github_MitjaNemec_ReplicateLayout.replicate_layout 990:Src text UUid:ae047cb7-4aae-4793-a5a9-c98266b8a48a
02-04 16:45:37 com_github_MitjaNemec_ReplicateLayout.replicate_layout 991:Dst text UUid:93ba10ad-85d0-44b9-a1dc-8178cf749a9d
02-04 16:45:37 com_github_MitjaNemec_ReplicateLayout.replicate_layout 990:Src text UUid:a6c8a29b-7175-4471-91f7-42610f7586fa
02-04 16:45:37 com_github_MitjaNemec_ReplicateLayout.replicate_layout 991:Dst text UUid:f21d909e-193f-40c4-a156-4dc3fee18dd0
02-04 16:45:37 com_github_MitjaNemec_ReplicateLayout.replicate_layout 990:Src text UUid:abfbbba7-5aa8-4501-914c-ba436fa3b9be
02-04 16:45:37 com_github_MitjaNemec_ReplicateLayout.replicate_layout 991:Dst text UUid:678c4417-315c-49ee-aa6e-cd19e94b113b
02-04 16:45:37 com_github_MitjaNemec_ReplicateLayout.replicate_layout 888:Replicating footprint: 'C2005'
02-04 16:45:37 com_github_MitjaNemec_ReplicateLayout.replicate_layout 835:Src fp.id: '94BEDFA3-61FE-490C-94EC-AE96952B6A33'
02-04 16:45:37 com_github_MitjaNemec_ReplicateLayout.replicate_layout 839:Dst fp.id: '94BEDFA3-61FE-490C-94EC-AE96952B6A33'
02-04 16:45:37 com_github_MitjaNemec_ReplicateLayout.replicate_layout 895:found match in dst footprint: 'C207005'
02-04 16:45:37 com_github_MitjaNemec_ReplicateLayout.replicate_layout 990:Src text UUid:6b18f3cd-b3a2-403c-afb3-33957309e3b2
02-04 16:45:37 com_github_MitjaNemec_ReplicateLayout.replicate_layout 991:Dst text UUid:5f5c2091-1d44-4c4f-922f-eb4d6ca6709c
02-04 16:45:37 com_github_MitjaNemec_ReplicateLayout.replicate_layout 990:Src text UUid:9f787823-65d7-41ec-b8ff-c1fa79b8a6f5
02-04 16:45:37 com_github_MitjaNemec_ReplicateLayout.replicate_layout 991:Dst text UUid:cc0172c5-d146-4c36-bb74-e573481fe034
02-04 16:45:37 com_github_MitjaNemec_ReplicateLayout.replicate_layout 990:Src text UUid:b9dc532a-4c95-4a7d-b24a-3230fba33c89
02-04 16:45:37 com_github_MitjaNemec_ReplicateLayout.replicate_layout 991:Dst text UUid:9fc64673-4604-47f5-80c2-6839dd52131c
02-04 16:45:37 com_github_MitjaNemec_ReplicateLayout.replicate_layout 888:Replicating footprint: 'C2004'
02-04 16:45:37 com_github_MitjaNemec_ReplicateLayout.replicate_layout 835:Src fp.id: '2A4CC3B5-75C1-4C99-9DCF-FCCFB6C76944'
02-04 16:45:37 com_github_MitjaNemec_ReplicateLayout.replicate_layout 839:Dst fp.id: '2A4CC3B5-75C1-4C99-9DCF-FCCFB6C76944'
02-04 16:45:37 com_github_MitjaNemec_ReplicateLayout.replicate_layout 895:found match in dst footprint: 'C207004'
02-04 16:45:37 com_github_MitjaNemec_ReplicateLayout.replicate_layout 990:Src text UUid:157b807d-9aa0-4761-8b24-5f792bbade48
02-04 16:45:37 com_github_MitjaNemec_ReplicateLayout.replicate_layout 991:Dst text UUid:f851aef6-a612-4106-b83f-dcea65d84647
02-04 16:45:37 com_github_MitjaNemec_ReplicateLayout.replicate_layout 990:Src text UUid:356e3899-ee14-46ad-ba77-972030f31c8c
02-04 16:45:37 com_github_MitjaNemec_ReplicateLayout.replicate_layout 991:Dst text UUid:14765dc1-817e-4a2e-84a6-b0fc13ce4cd8
02-04 16:45:37 com_github_MitjaNemec_ReplicateLayout.replicate_layout 990:Src text UUid:6d06e118-a1cc-48c1-bf4a-2a2324411eab
02-04 16:45:37 com_github_MitjaNemec_ReplicateLayout.replicate_layout 991:Dst text UUid:6b90f067-a481-4141-8b5a-c72b85df3db1
02-04 16:45:37 com_github_MitjaNemec_ReplicateLayout.replicate_layout 888:Replicating footprint: 'D2001'
02-04 16:45:37 com_github_MitjaNemec_ReplicateLayout.replicate_layout 835:Src fp.id: '50789A7E-B041-47ED-9E0E-6A94FEE3EB68'
02-04 16:45:37 com_github_MitjaNemec_ReplicateLayout.replicate_layout 839:Dst fp.id: '50789A7E-B041-47ED-9E0E-6A94FEE3EB68'
02-04 16:45:37 com_github_MitjaNemec_ReplicateLayout.replicate_layout 895:found match in dst footprint: 'D207001'
02-04 16:45:37 com_github_MitjaNemec_ReplicateLayout.replicate_layout 990:Src text UUid:23f42281-1e23-40e2-9b7e-df16e5c87353
02-04 16:45:37 com_github_MitjaNemec_ReplicateLayout.replicate_layout 991:Dst text UUid:eb1830d7-282f-45e4-8928-047419ce63e2
02-04 16:45:37 com_github_MitjaNemec_ReplicateLayout.replicate_layout 990:Src text UUid:8ed3f1e7-8404-4a13-8c85-66e9c344fce7
02-04 16:45:37 com_github_MitjaNemec_ReplicateLayout.replicate_layout 991:Dst text UUid:62cdb549-a815-484b-a26b-9f8ed0449fa9
02-04 16:45:37 com_github_MitjaNemec_ReplicateLayout.replicate_layout 990:Src text UUid:2fbc6c6f-af5c-4d4f-8a63-3d66f21e7dd1
02-04 16:45:37 com_github_MitjaNemec_ReplicateLayout.replicate_layout 991:Dst text UUid:08aa5c5a-ee9d-4f8a-9cf7-4a392911e24e
02-04 16:45:37 com_github_MitjaNemec_ReplicateLayout.replicate_layout 888:Replicating footprint: 'C2002'
02-04 16:45:37 com_github_MitjaNemec_ReplicateLayout.replicate_layout 835:Src fp.id: '0F26249F-D27C-4A50-B7B2-3B695AE5DD88'
02-04 16:45:37 com_github_MitjaNemec_ReplicateLayout.replicate_layout 839:Dst fp.id: '0F26249F-D27C-4A50-B7B2-3B695AE5DD88'
02-04 16:45:37 com_github_MitjaNemec_ReplicateLayout.replicate_layout 895:found match in dst footprint: 'C207002'
02-04 16:45:37 com_github_MitjaNemec_ReplicateLayout.replicate_layout 990:Src text UUid:40837586-244a-420c-a426-cde1d256a056
02-04 16:45:37 com_github_MitjaNemec_ReplicateLayout.replicate_layout 991:Dst text UUid:6ba3ed40-4c01-434b-bc63-900216aac56c
02-04 16:45:37 com_github_MitjaNemec_ReplicateLayout.replicate_layout 990:Src text UUid:5b47ce03-3c1c-47ce-86b6-430ef51f323a
02-04 16:45:37 com_github_MitjaNemec_ReplicateLayout.replicate_layout 991:Dst text UUid:9016fad9-287a-4ec8-9981-071261dc26f3
02-04 16:45:37 com_github_MitjaNemec_ReplicateLayout.replicate_layout 990:Src text UUid:acc35a5c-3f2d-4f21-ab68-22e291e29217
02-04 16:45:37 com_github_MitjaNemec_ReplicateLayout.replicate_layout 991:Dst text UUid:250fd6b9-10a1-4a49-b986-b4899c608441
02-04 16:45:37 root 340:updating GUI message: 'Replicating tracks'
02-04 16:45:37 com_github_MitjaNemec_ReplicateLayout.replicate_layout 1014:Replicating tracks
02-04 16:45:37 root 345:updating GUI with: 0
02-04 16:45:37 com_github_MitjaNemec_ReplicateLayout.replicate_layout 1020:Replicating tracks on sheet ['HID_SPI_bridge1']
02-04 16:45:37 com_github_MitjaNemec_ReplicateLayout.replicate_layout 835:Src fp.id: 'DE412038-1F39-4332-A147-91EF02EEC327'
02-04 16:45:37 com_github_MitjaNemec_ReplicateLayout.replicate_layout 839:Dst fp.id: 'DE412038-1F39-4332-A147-91EF02EEC327'
02-04 16:45:37 com_github_MitjaNemec_ReplicateLayout.replicate_layout 792:Net pairs for sheet ['HID_SPI_bridge1'] :[('unconnected-(U2001-PF1-Pad3)', 'unconnected-(U208001-PF1-Pad3)'), ('GND', 'GND'), ('/SPI1_MISO', '/SPI1_MISO'), ('unconnected-(U2001-PA2-Pad8)', 'unconnected-(U208001-PA2-Pad8)'), ('/SWDIO', '/SWDIO'), ('unconnected-(U2001-PB0-Pad14)', 'unconnected-(U208001-PB0-Pad14)'), ('/SPI1_CLK', '/SPI1_CLK'), ('unconnected-(U2001-PA10-Pad20)', 'unconnected-(U208001-PA10-Pad20)'), ('unconnected-(U2001-PB3-Pad26)', 'unconnected-(U208001-PB3-Pad26)'), ('+3.3V', '+3.3V'), ('unconnected-(U2001-PA1-Pad7)', 'unconnected-(U208001-PA1-Pad7)'), ('unconnected-(U2001-PB5-Pad28)', 'unconnected-(U208001-PB5-Pad28)'), ('/SPI1_MOSI', '/SPI1_MOSI'), ('/SWCLK', '/SWCLK'), ('unconnected-(U2001-PA4-Pad10)', 'unconnected-(U208001-PA4-Pad10)'), ('Net-(D2001-A)', 'Net-(D208001-A)'), ('unconnected-(U2001-PB8-Pad31)', 'unconnected-(U208001-PB8-Pad31)'), ('unconnected-(U2001-PA3-Pad9)', 'unconnected-(U208001-PA3-Pad9)'), ('/HID_SPI_bridge/USB+', '/HID_SPI_bridge1/USB+'), ('Net-(J2001-CC2)', 'Net-(J208001-CC2)'), ('/HID_SPI_bridge/USB-', '/HID_SPI_bridge1/USB-'), ('+3.3VA', '+3.3VA'), ('unconnected-(U2001-PA15-Pad25)', 'unconnected-(U208001-PA15-Pad25)'), ('VBUS', 'VBUS'), ('unconnected-(U2001-PA9-Pad19)', 'unconnected-(U208001-PA9-Pad19)'), ('unconnected-(U2001-PB4-Pad27)', 'unconnected-(U208001-PB4-Pad27)'), ('unconnected-(U2001-PA8-Pad18)', 'unconnected-(U208001-PA8-Pad18)'), ('/NRST', '/NRST'), ('unconnected-(J2001-SBU1-PadA8)', 'unconnected-(J208001-SBU1-PadA8)'), ('unconnected-(U2001-PB7-Pad30)', 'unconnected-(U208001-PB7-Pad30)'), ('unconnected-(U2001-PF0-Pad2)', 'unconnected-(U208001-PF0-Pad2)'), ('/CS_USB1', '/CS_USB2'), ('unconnected-(J2001-SBU2-PadB8)', 'unconnected-(J208001-SBU2-PadB8)'), ('Net-(J2001-CC1)', 'Net-(J208001-CC1)'), ('unconnected-(U2001-PB6-Pad29)', 'unconnected-(U208001-PB6-Pad29)'), ('unconnected-(U2001-PB1-Pad15)', 'unconnected-(U208001-PB1-Pad15)')]
02-04 16:45:37 com_github_MitjaNemec_ReplicateLayout.replicate_layout 1020:Replicating tracks on sheet ['HID_SPI_bridge2']
02-04 16:45:37 com_github_MitjaNemec_ReplicateLayout.replicate_layout 835:Src fp.id: 'DE412038-1F39-4332-A147-91EF02EEC327'
02-04 16:45:37 com_github_MitjaNemec_ReplicateLayout.replicate_layout 839:Dst fp.id: 'DE412038-1F39-4332-A147-91EF02EEC327'
02-04 16:45:37 com_github_MitjaNemec_ReplicateLayout.replicate_layout 792:Net pairs for sheet ['HID_SPI_bridge2'] :[('unconnected-(U2001-PB6-Pad29)', 'unconnected-(U207001-PB6-Pad29)'), ('unconnected-(U2001-PB4-Pad27)', 'unconnected-(U207001-PB4-Pad27)'), ('unconnected-(U2001-PB7-Pad30)', 'unconnected-(U207001-PB7-Pad30)'), ('GND', 'GND'), ('unconnected-(J2001-SBU1-PadA8)', 'unconnected-(J207001-SBU1-PadA8)'), ('/SPI1_MISO', '/SPI1_MISO'), ('Net-(D2001-A)', 'Net-(D207001-A)'), ('/HID_SPI_bridge/USB-', '/HID_SPI_bridge2/USB-'), ('/CS_USB1', '/CS_USB3'), ('unconnected-(J2001-SBU2-PadB8)', 'unconnected-(J207001-SBU2-PadB8)'), ('/HID_SPI_bridge/USB+', '/HID_SPI_bridge2/USB+'), ('unconnected-(U2001-PA9-Pad19)', 'unconnected-(U207001-PA9-Pad19)'), ('/SWDIO', '/SWDIO'), ('unconnected-(U2001-PA8-Pad18)', 'unconnected-(U207001-PA8-Pad18)'), ('unconnected-(U2001-PB8-Pad31)', 'unconnected-(U207001-PB8-Pad31)'), ('/SPI1_CLK', '/SPI1_CLK'), ('unconnected-(U2001-PA15-Pad25)', 'unconnected-(U207001-PA15-Pad25)'), ('+3.3V', '+3.3V'), ('unconnected-(U2001-PA2-Pad8)', 'unconnected-(U207001-PA2-Pad8)'), ('unconnected-(U2001-PA10-Pad20)', 'unconnected-(U207001-PA10-Pad20)'), ('unconnected-(U2001-PB5-Pad28)', 'unconnected-(U207001-PB5-Pad28)'), ('Net-(J2001-CC2)', 'Net-(J207001-CC2)'), ('unconnected-(U2001-PA3-Pad9)', 'unconnected-(U207001-PA3-Pad9)'), ('/SPI1_MOSI', '/SPI1_MOSI'), ('unconnected-(U2001-PB3-Pad26)', 'unconnected-(U207001-PB3-Pad26)'), ('unconnected-(U2001-PB0-Pad14)', 'unconnected-(U207001-PB0-Pad14)'), ('/SWCLK', '/SWCLK'), ('unconnected-(U2001-PF1-Pad3)', 'unconnected-(U207001-PF1-Pad3)'), ('unconnected-(U2001-PB1-Pad15)', 'unconnected-(U207001-PB1-Pad15)'), ('Net-(J2001-CC1)', 'Net-(J207001-CC1)'), ('+3.3VA', '+3.3VA'), ('VBUS', 'VBUS'), ('unconnected-(U2001-PF0-Pad2)', 'unconnected-(U207001-PF0-Pad2)'), ('/NRST', '/NRST'), ('unconnected-(U2001-PA4-Pad10)', 'unconnected-(U207001-PA4-Pad10)'), ('unconnected-(U2001-PA1-Pad7)', 'unconnected-(U207001-PA1-Pad7)')]
02-04 16:45:37 root 340:updating GUI message: 'Replicating zones'
02-04 16:45:37 com_github_MitjaNemec_ReplicateLayout.replicate_layout 1084:Replicating zones
02-04 16:45:37 root 345:updating GUI with: 0
02-04 16:45:37 com_github_MitjaNemec_ReplicateLayout.replicate_layout 1091:Replicating zones on sheet ['HID_SPI_bridge1']
02-04 16:45:37 com_github_MitjaNemec_ReplicateLayout.replicate_layout 835:Src fp.id: 'DE412038-1F39-4332-A147-91EF02EEC327'
02-04 16:45:37 com_github_MitjaNemec_ReplicateLayout.replicate_layout 839:Dst fp.id: 'DE412038-1F39-4332-A147-91EF02EEC327'
02-04 16:45:37 com_github_MitjaNemec_ReplicateLayout.replicate_layout 792:Net pairs for sheet ['HID_SPI_bridge1'] :[('unconnected-(U2001-PF1-Pad3)', 'unconnected-(U208001-PF1-Pad3)'), ('GND', 'GND'), ('/SPI1_MISO', '/SPI1_MISO'), ('unconnected-(U2001-PA2-Pad8)', 'unconnected-(U208001-PA2-Pad8)'), ('/SWDIO', '/SWDIO'), ('unconnected-(U2001-PB0-Pad14)', 'unconnected-(U208001-PB0-Pad14)'), ('/SPI1_CLK', '/SPI1_CLK'), ('unconnected-(U2001-PA10-Pad20)', 'unconnected-(U208001-PA10-Pad20)'), ('unconnected-(U2001-PB3-Pad26)', 'unconnected-(U208001-PB3-Pad26)'), ('+3.3V', '+3.3V'), ('unconnected-(U2001-PA1-Pad7)', 'unconnected-(U208001-PA1-Pad7)'), ('unconnected-(U2001-PB5-Pad28)', 'unconnected-(U208001-PB5-Pad28)'), ('/SPI1_MOSI', '/SPI1_MOSI'), ('/SWCLK', '/SWCLK'), ('unconnected-(U2001-PA4-Pad10)', 'unconnected-(U208001-PA4-Pad10)'), ('Net-(D2001-A)', 'Net-(D208001-A)'), ('unconnected-(U2001-PB8-Pad31)', 'unconnected-(U208001-PB8-Pad31)'), ('unconnected-(U2001-PA3-Pad9)', 'unconnected-(U208001-PA3-Pad9)'), ('/HID_SPI_bridge/USB+', '/HID_SPI_bridge1/USB+'), ('Net-(J2001-CC2)', 'Net-(J208001-CC2)'), ('/HID_SPI_bridge/USB-', '/HID_SPI_bridge1/USB-'), ('+3.3VA', '+3.3VA'), ('unconnected-(U2001-PA15-Pad25)', 'unconnected-(U208001-PA15-Pad25)'), ('VBUS', 'VBUS'), ('unconnected-(U2001-PA9-Pad19)', 'unconnected-(U208001-PA9-Pad19)'), ('unconnected-(U2001-PB4-Pad27)', 'unconnected-(U208001-PB4-Pad27)'), ('unconnected-(U2001-PA8-Pad18)', 'unconnected-(U208001-PA8-Pad18)'), ('/NRST', '/NRST'), ('unconnected-(J2001-SBU1-PadA8)', 'unconnected-(J208001-SBU1-PadA8)'), ('unconnected-(U2001-PB7-Pad30)', 'unconnected-(U208001-PB7-Pad30)'), ('unconnected-(U2001-PF0-Pad2)', 'unconnected-(U208001-PF0-Pad2)'), ('/CS_USB1', '/CS_USB2'), ('unconnected-(J2001-SBU2-PadB8)', 'unconnected-(J208001-SBU2-PadB8)'), ('Net-(J2001-CC1)', 'Net-(J208001-CC1)'), ('unconnected-(U2001-PB6-Pad29)', 'unconnected-(U208001-PB6-Pad29)'), ('unconnected-(U2001-PB1-Pad15)', 'unconnected-(U208001-PB1-Pad15)')]
02-04 16:45:37 com_github_MitjaNemec_ReplicateLayout.replicate_layout 1091:Replicating zones on sheet ['HID_SPI_bridge2']
02-04 16:45:37 com_github_MitjaNemec_ReplicateLayout.replicate_layout 835:Src fp.id: 'DE412038-1F39-4332-A147-91EF02EEC327'
02-04 16:45:37 com_github_MitjaNemec_ReplicateLayout.replicate_layout 839:Dst fp.id: 'DE412038-1F39-4332-A147-91EF02EEC327'
02-04 16:45:37 com_github_MitjaNemec_ReplicateLayout.replicate_layout 792:Net pairs for sheet ['HID_SPI_bridge2'] :[('unconnected-(U2001-PB6-Pad29)', 'unconnected-(U207001-PB6-Pad29)'), ('unconnected-(U2001-PB4-Pad27)', 'unconnected-(U207001-PB4-Pad27)'), ('unconnected-(U2001-PB7-Pad30)', 'unconnected-(U207001-PB7-Pad30)'), ('GND', 'GND'), ('unconnected-(J2001-SBU1-PadA8)', 'unconnected-(J207001-SBU1-PadA8)'), ('/SPI1_MISO', '/SPI1_MISO'), ('Net-(D2001-A)', 'Net-(D207001-A)'), ('/HID_SPI_bridge/USB-', '/HID_SPI_bridge2/USB-'), ('/CS_USB1', '/CS_USB3'), ('unconnected-(J2001-SBU2-PadB8)', 'unconnected-(J207001-SBU2-PadB8)'), ('/HID_SPI_bridge/USB+', '/HID_SPI_bridge2/USB+'), ('unconnected-(U2001-PA9-Pad19)', 'unconnected-(U207001-PA9-Pad19)'), ('/SWDIO', '/SWDIO'), ('unconnected-(U2001-PA8-Pad18)', 'unconnected-(U207001-PA8-Pad18)'), ('unconnected-(U2001-PB8-Pad31)', 'unconnected-(U207001-PB8-Pad31)'), ('/SPI1_CLK', '/SPI1_CLK'), ('unconnected-(U2001-PA15-Pad25)', 'unconnected-(U207001-PA15-Pad25)'), ('+3.3V', '+3.3V'), ('unconnected-(U2001-PA2-Pad8)', 'unconnected-(U207001-PA2-Pad8)'), ('unconnected-(U2001-PA10-Pad20)', 'unconnected-(U207001-PA10-Pad20)'), ('unconnected-(U2001-PB5-Pad28)', 'unconnected-(U207001-PB5-Pad28)'), ('Net-(J2001-CC2)', 'Net-(J207001-CC2)'), ('unconnected-(U2001-PA3-Pad9)', 'unconnected-(U207001-PA3-Pad9)'), ('/SPI1_MOSI', '/SPI1_MOSI'), ('unconnected-(U2001-PB3-Pad26)', 'unconnected-(U207001-PB3-Pad26)'), ('unconnected-(U2001-PB0-Pad14)', 'unconnected-(U207001-PB0-Pad14)'), ('/SWCLK', '/SWCLK'), ('unconnected-(U2001-PF1-Pad3)', 'unconnected-(U207001-PF1-Pad3)'), ('unconnected-(U2001-PB1-Pad15)', 'unconnected-(U207001-PB1-Pad15)'), ('Net-(J2001-CC1)', 'Net-(J207001-CC1)'), ('+3.3VA', '+3.3VA'), ('VBUS', 'VBUS'), ('unconnected-(U2001-PF0-Pad2)', 'unconnected-(U207001-PF0-Pad2)'), ('/NRST', '/NRST'), ('unconnected-(U2001-PA4-Pad10)', 'unconnected-(U207001-PA4-Pad10)'), ('unconnected-(U2001-PA1-Pad7)', 'unconnected-(U207001-PA1-Pad7)')]
02-04 16:45:37 root 340:updating GUI message: 'Replicating text'
02-04 16:45:37 com_github_MitjaNemec_ReplicateLayout.replicate_layout 1173:Replicating text
02-04 16:45:37 com_github_MitjaNemec_ReplicateLayout.replicate_layout 1180:Replicating text on sheet ['HID_SPI_bridge1']
02-04 16:45:37 com_github_MitjaNemec_ReplicateLayout.replicate_layout 835:Src fp.id: 'DE412038-1F39-4332-A147-91EF02EEC327'
02-04 16:45:37 com_github_MitjaNemec_ReplicateLayout.replicate_layout 839:Dst fp.id: 'DE412038-1F39-4332-A147-91EF02EEC327'
02-04 16:45:37 com_github_MitjaNemec_ReplicateLayout.replicate_layout 1180:Replicating text on sheet ['HID_SPI_bridge2']
02-04 16:45:37 com_github_MitjaNemec_ReplicateLayout.replicate_layout 835:Src fp.id: 'DE412038-1F39-4332-A147-91EF02EEC327'
02-04 16:45:37 com_github_MitjaNemec_ReplicateLayout.replicate_layout 839:Dst fp.id: 'DE412038-1F39-4332-A147-91EF02EEC327'
02-04 16:45:37 root 340:updating GUI message: 'Replicating drawings'
02-04 16:45:37 com_github_MitjaNemec_ReplicateLayout.replicate_layout 1224:Replicating drawings
02-04 16:45:37 com_github_MitjaNemec_ReplicateLayout.replicate_layout 1230:Replicating drawings on sheet ['HID_SPI_bridge1']
02-04 16:45:37 com_github_MitjaNemec_ReplicateLayout.replicate_layout 835:Src fp.id: 'DE412038-1F39-4332-A147-91EF02EEC327'
02-04 16:45:37 com_github_MitjaNemec_ReplicateLayout.replicate_layout 839:Dst fp.id: 'DE412038-1F39-4332-A147-91EF02EEC327'
02-04 16:45:37 com_github_MitjaNemec_ReplicateLayout.replicate_layout 1230:Replicating drawings on sheet ['HID_SPI_bridge2']
02-04 16:45:37 com_github_MitjaNemec_ReplicateLayout.replicate_layout 835:Src fp.id: 'DE412038-1F39-4332-A147-91EF02EEC327'
02-04 16:45:37 com_github_MitjaNemec_ReplicateLayout.replicate_layout 839:Dst fp.id: 'DE412038-1F39-4332-A147-91EF02EEC327'
02-04 16:45:38 com_github_MitjaNemec_ReplicateLayout.action_replicate_layout 264:Replication complete
